0 info it worked if it ends with ok
1 verbose cli [ 'node', '/usr/local/bin/npm', 'publish' ]
2 info using npm@2.6.1
3 info using node@v0.12.0
4 verbose publish [ '.' ]
5 silly cache add args [ '.', null ]
6 verbose cache add spec .
7 silly cache add parsed spec { raw: '.',
7 silly cache add   scope: null,
7 silly cache add   name: null,
7 silly cache add   rawSpec: '.',
7 silly cache add   spec: '/Users/adamS/Documents/www/Repos/nodeYo',
7 silly cache add   type: 'directory' }
8 verbose addLocalDirectory /Users/adamS/.npm/nodeyo/0.0.2/package.tgz not in flight; packing
9 verbose tar pack [ '/Users/adamS/.npm/nodeyo/0.0.2/package.tgz',
9 verbose tar pack   '/Users/adamS/Documents/www/Repos/nodeYo' ]
10 verbose tarball /Users/adamS/.npm/nodeyo/0.0.2/package.tgz
11 verbose folder /Users/adamS/Documents/www/Repos/nodeYo
12 info prepublish nodeyo@0.0.2
13 verbose addLocalTarball adding from inside cache /Users/adamS/.npm/nodeyo/0.0.2/package.tgz
14 silly cache afterAdd nodeyo@0.0.2
15 verbose afterAdd /Users/adamS/.npm/nodeyo/0.0.2/package/package.json not in flight; writing
16 verbose afterAdd /Users/adamS/.npm/nodeyo/0.0.2/package/package.json written
17 silly publish { author: { name: 'adamsynnott' },
17 silly publish   name: 'nodeyo',
17 silly publish   version: '0.0.2',
17 silly publish   description: 'Node Yo, this package does nothing',
17 silly publish   main: 'nodeYo',
17 silly publish   repository: { type: 'git', url: 'https://github.com/adamsynnott/nodeYo' },
17 silly publish   keywords: [ 'node', 'yo' ],
17 silly publish   dependencies: {},
17 silly publish   engines: { node: '*' },
17 silly publish   readme: '# NodeYo \n',
17 silly publish   readmeFilename: 'README.md',
17 silly publish   gitHead: 'afff1580eccd10407f5e35fe8bb3f2d649726109',
17 silly publish   bugs: { url: 'https://github.com/adamsynnott/nodeYo/issues' },
17 silly publish   homepage: 'https://github.com/adamsynnott/nodeYo',
17 silly publish   _id: 'nodeyo@0.0.2',
17 silly publish   scripts: {},
17 silly publish   _shasum: 'bd2a5fa3e0d063b037a7b39d5734d888f8f437d1',
17 silly publish   _from: '.' }
18 silly mapToRegistry name nodeyo
19 silly mapToRegistry using default registry
20 silly mapToRegistry registry https://registry.npmjs.org/
21 silly mapToRegistry uri https://registry.npmjs.org/nodeyo
22 verbose publish registryBase https://registry.npmjs.org/
23 silly publish uploading /Users/adamS/.npm/nodeyo/0.0.2/package.tgz
24 verbose request uri https://registry.npmjs.org/nodeyo
25 verbose request sending authorization for write operation
26 info attempt registry request try #1 at 11:07:05 PM
27 verbose request using bearer token for auth
28 verbose request id 89bfdc157bf826f1
29 http request PUT https://registry.npmjs.org/nodeyo
30 http 403 https://registry.npmjs.org/nodeyo
31 verbose headers { 'content-type': 'application/json',
31 verbose headers   'cache-control': 'max-age=60',
31 verbose headers   'content-length': '128',
31 verbose headers   'accept-ranges': 'bytes',
31 verbose headers   date: 'Fri, 08 May 2015 13:07:06 GMT',
31 verbose headers   via: '1.1 varnish',
31 verbose headers   connection: 'keep-alive',
31 verbose headers   'x-served-by': 'cache-syd1623-SYD',
31 verbose headers   'x-cache': 'MISS',
31 verbose headers   'x-cache-hits': '0',
31 verbose headers   'x-timer': 'S1431090425.213621,VS0,VE899' }
32 verbose request invalidating /Users/adamS/.npm/registry.npmjs.org/nodeyo on PUT
33 error publish Failed PUT 403
34 verbose stack Error: "You cannot publish over the previously published version 0.0.2. Try bumping the version to 1.0.0" : nodeyo
34 verbose stack     at CachingRegistryClient.<anonymous> (/usr/local/lib/node_modules/npm/node_modules/npm-registry-client/lib/request.js:254:14)
34 verbose stack     at Request._callback (/usr/local/lib/node_modules/npm/node_modules/npm-registry-client/lib/request.js:178:14)
34 verbose stack     at Request.self.callback (/usr/local/lib/node_modules/npm/node_modules/request/request.js:344:22)
34 verbose stack     at Request.emit (events.js:110:17)
34 verbose stack     at Request.<anonymous> (/usr/local/lib/node_modules/npm/node_modules/request/request.js:1239:14)
34 verbose stack     at Request.emit (events.js:129:20)
34 verbose stack     at IncomingMessage.<anonymous> (/usr/local/lib/node_modules/npm/node_modules/request/request.js:1187:12)
34 verbose stack     at IncomingMessage.emit (events.js:129:20)
34 verbose stack     at _stream_readable.js:908:16
34 verbose stack     at process._tickCallback (node.js:355:11)
35 verbose statusCode 403
36 verbose pkgid nodeyo
37 verbose cwd /Users/adamS/Documents/www/Repos/nodeYo
38 error Darwin 14.3.0
39 error argv "node" "/usr/local/bin/npm" "publish"
40 error node v0.12.0
41 error npm  v2.6.1
42 error code E403
43 error "You cannot publish over the previously published version 0.0.2. Try bumping the version to 1.0.0" : nodeyo
44 error If you need help, you may report this error at:
44 error     <http://github.com/npm/npm/issues>
45 verbose exit [ 1, true ]
